[M::bwa_idx_load_from_disk] read 0 ALT contigs
[M::bam2fq_mainloop] discarded 0 singletons
[M::bam2fq_mainloop] processed 38296 reads
[M::process] read 38296 sequences (5744400 bp)...
[M::process] 0 single-end sequences; 38296 paired-end sequences
[M::mem_pestat] # candidate unique pairs for (FF, FR, RF, RR): (0, 19148, 0, 0)
[M::mem_pestat] skip orientation FF as there are not enough pairs
[M::mem_pestat] analyzing insert size distribution for orientation FR...
[M::mem_pestat] (25, 50, 75) percentile: (465, 500, 534)
[M::mem_pestat] low and high boundaries for computing mean and std.dev: (327, 672)
[M::mem_pestat] mean and std.dev: (499.77, 50.66)
[M::mem_pestat] low and high boundaries for proper pairs: (258, 741)
[M::mem_pestat] skip orientation RF as there are not enough pairs
[M::mem_pestat] skip orientation RR as there are not enough pairs
[M::mem_process_seqs] Processed 38296 reads in 0.800 CPU sec, 0.102 real sec
[2023/05/24 08:16:56 | FgBioMain | Info] Executing ZipperBams from fgbio version 2.1.0 as kenny@Kennys-MacBook-Pro.local on JRE 17.0.3+7-LTS with snappy, JdkInflater, and JdkDeflater
[2023/05/24 08:16:56 | ZipperBams | Warning] input file /dev/stdin does not appear to be queryname sorted or grouped.
[2023/05/24 08:16:56 | ZipperBams | Warning] Continuing, but your output may be incorrect.
[2023/05/24 08:16:56 | ZipperBams | Info] Tags being reversed: cd, ce, ad, ae, bd, be, aq, bq
[2023/05/24 08:16:56 | ZipperBams | Info] Tags being reverse complemented: ac, bc
[2023/05/24 08:16:56 | SamWriter | Info] Seen many non-increasing record positions. Printing Read-names as well.
[main] Version: 0.7.17-r1188
[main] CMD: bwa mem -t 8 -p -K 150000000 -Y hs38DH/hs38DH.fa -
[main] Real time: 2.389 sec; CPU: 0.876 sec
[2023/05/24 08:16:57 | SamWriter | Info] Wrote         38,296 records.  Elapsed time: 00:00:00s.  Time for last 38,296:    0s.  Last read position: gi|9626372|ref|NC_001422.1|:4,787.  Last read name: my_sample:19147
[2023/05/24 08:16:57 | FgBioMain | Info] ZipperBams completed. Elapsed time: 0.04 minutes.
